[2023-12-08T15:45:47.893] [INFO] db - Executing (default): SELECT 1+1 AS result
[2023-12-08T15:46:01.192] [INFO] db - Executing (default): SELECT `id`, `name`, `email`, `mobile`, `password`, `created_at`, `updated_at` FROM `Admins` AS `Admin` LIMIT 1;
[2023-12-08T15:46:02.509] [INFO] db - Executing (default): SELECT `id`, `name`, `email`, `mobile`, `password`, `created_at`, `updated_at` FROM `Admins` AS `Admin` LIMIT 1;
[2023-12-08T15:47:02.731] [INFO] db - Executing (default): SELECT 1+1 AS result
[2023-12-08T15:53:53.149] [INFO] db - Executing (default): SELECT 1+1 AS result
[2023-12-08T15:53:59.059] [INFO] db - Executing (default): SELECT 1+1 AS result
[2023-12-08T15:55:17.444] [INFO] db - Executing (default): SELECT `id`, `name`, `email`, `mobile`, `password`, `created_at`, `updated_at` FROM `Admins` AS `Admin` LIMIT 1;
[2023-12-08T15:56:16.967] [INFO] db - Executing (default): SELECT 1+1 AS result
[2023-12-08T15:56:17.069] [INFO] db - Executing (default): SELECT `id`, `name`, `email`, `mobile`, `password`, `created_at`, `updated_at` FROM `Admins` AS `Admin` LIMIT 1;
[2023-12-08T15:56:22.897] [INFO] db - Executing (default): SELECT `id`, `name`, `email`, `mobile`, `password`, `created_at`, `updated_at` FROM `Admins` AS `Admin` LIMIT 1;
[2023-12-08T15:56:26.999] [INFO] db - Executing (default): SELECT 1+1 AS result
[2023-12-08T15:56:27.562] [INFO] db - Executing (default): SELECT `id`, `name`, `email`, `mobile`, `password`, `created_at`, `updated_at` FROM `Admins` AS `Admin` LIMIT 1;
[2023-12-08T15:56:39.817] [INFO] db - Executing (default): SELECT 1+1 AS result
[2023-12-08T15:56:52.447] [INFO] db - Executing (default): SELECT 1+1 AS result
[2023-12-08T15:56:52.451] [INFO] db - Executing (default): SELECT `id`, `name`, `email`, `mobile`, `password`, `created_at`, `updated_at` FROM `Admins` AS `Admin` LIMIT 1;
[2023-12-08T15:57:03.420] [INFO] db - Executing (default): SELECT 1+1 AS result
[2023-12-08T15:57:03.542] [INFO] db - Executing (default): SELECT `id`, `name`, `email`, `mobile`, `password`, `created_at`, `updated_at` FROM `Admins` AS `Admin` LIMIT 1;
[2023-12-08T15:57:07.536] [INFO] db - Executing (default): SELECT `id`, `name`, `email`, `mobile`, `password`, `created_at`, `updated_at` FROM `Admins` AS `Admin` LIMIT 1;
[2023-12-08T15:57:11.917] [INFO] db - Executing (default): SELECT `id`, `name`, `email`, `mobile`, `password`, `created_at`, `updated_at` FROM `Admins` AS `Admin` LIMIT 1;
[2023-12-08T15:57:12.418] [INFO] db - Executing (default): SELECT `id`, `name`, `email`, `mobile`, `password`, `created_at`, `updated_at` FROM `Admins` AS `Admin` LIMIT 1;
[2023-12-08T15:57:12.668] [INFO] db - Executing (default): SELECT `id`, `name`, `email`, `mobile`, `password`, `created_at`, `updated_at` FROM `Admins` AS `Admin` LIMIT 1;
[2023-12-08T15:57:12.852] [INFO] db - Executing (default): SELECT `id`, `name`, `email`, `mobile`, `password`, `created_at`, `updated_at` FROM `Admins` AS `Admin` LIMIT 1;
[2023-12-08T15:57:21.445] [INFO] db - Executing (default): SELECT 1+1 AS result
[2023-12-08T15:57:21.561] [INFO] db - Executing (default): SELECT `id`, `name`, `email`, `mobile`, `password`, `created_at`, `updated_at` FROM `Admins` AS `Admin` LIMIT 1;
[2023-12-08T15:57:29.024] [INFO] db - Executing (default): SELECT `id`, `name`, `email`, `mobile`, `password`, `created_at`, `updated_at` FROM `Admins` AS `Admin` LIMIT 1;
[2023-12-08T15:57:52.806] [INFO] db - Executing (default): SELECT `id`, `name`, `email`, `mobile`, `password`, `created_at`, `updated_at` FROM `Admins` AS `Admin` LIMIT 1;
[2023-12-08T16:01:07.595] [INFO] db - Executing (default): SELECT 1+1 AS result
[2023-12-08T16:01:31.584] [INFO] db - Executing (default): SELECT 1+1 AS result
[2023-12-08T16:02:17.067] [INFO] db - Executing (default): SELECT 1+1 AS result
[2023-12-08T16:02:30.464] [INFO] db - Executing (default): SELECT 1+1 AS result
[2023-12-08T16:03:52.424] [INFO] db - Executing (default): SELECT 1+1 AS result
[2023-12-08T16:04:12.468] [INFO] db - Executing (default): SELECT 1+1 AS result
[2023-12-08T16:04:47.301] [INFO] db - Executing (default): SELECT 1+1 AS result
[2023-12-08T16:04:54.541] [INFO] db - Executing (default): SELECT 1+1 AS result
[2023-12-08T16:05:45.089] [INFO] db - Executing (default): SELECT 1+1 AS result
[2023-12-08T16:06:58.101] [INFO] db - Executing (default): SELECT 1+1 AS result
[2023-12-08T16:07:10.124] [INFO] db - Executing (default): SELECT 1+1 AS result
[2023-12-08T16:08:22.110] [INFO] db - Executing (default): SELECT 1+1 AS result
[2023-12-08T16:08:34.322] [INFO] db - Executing (default): SELECT 1+1 AS result
[2023-12-08T16:08:49.584] [INFO] db - Executing (default): SELECT 1+1 AS result
[2023-12-08T16:09:09.709] [INFO] db - Executing (default): SELECT 1+1 AS result
[2023-12-08T16:09:27.822] [INFO] db - Executing (default): SELECT 1+1 AS result
[2023-12-08T16:09:41.507] [INFO] db - Executing (default): SELECT 1+1 AS result
[2023-12-08T16:10:36.611] [INFO] db - Executing (default): SELECT 1+1 AS result
[2023-12-08T16:11:11.723] [INFO] db - Executing (default): SELECT 1+1 AS result
[2023-12-08T16:11:20.224] [INFO] db - Executing (default): SELECT 1+1 AS result
[2023-12-08T16:11:31.660] [INFO] db - Executing (default): SELECT 1+1 AS result
[2023-12-08T16:11:46.908] [INFO] db - Executing (default): SELECT 1+1 AS result
[2023-12-08T16:12:10.947] [INFO] db - Executing (default): SELECT 1+1 AS result
[2023-12-08T16:12:22.755] [INFO] db - Executing (default): SELECT 1+1 AS result
[2023-12-08T16:13:09.218] [INFO] db - Executing (default): SELECT 1+1 AS result
[2023-12-08T16:13:40.423] [INFO] db - Executing (default): SELECT 1+1 AS result
[2023-12-08T16:13:47.143] [INFO] db - Executing (default): SELECT 1+1 AS result
[2023-12-08T16:13:51.610] [INFO] db - Executing (default): SELECT 1+1 AS result
[2023-12-08T16:14:13.087] [INFO] db - Executing (default): SELECT 1+1 AS result
[2023-12-08T16:14:38.386] [INFO] db - Executing (default): SELECT 1+1 AS result
[2023-12-08T16:15:15.281] [INFO] db - Executing (default): SELECT 1+1 AS result
[2023-12-08T16:15:26.407] [INFO] db - Executing (default): SELECT 1+1 AS result
[2023-12-08T16:16:09.945] [INFO] db - Executing (default): SELECT 1+1 AS result
[2023-12-08T16:16:22.016] [INFO] db - Executing (default): SELECT 1+1 AS result
[2023-12-08T16:16:54.104] [INFO] db - Executing (default): SELECT 1+1 AS result
[2023-12-08T16:17:04.036] [INFO] db - Executing (default): SELECT 1+1 AS result
[2023-12-08T16:17:33.843] [INFO] db - Executing (default): SELECT 1+1 AS result
[2023-12-08T16:17:51.442] [INFO] db - Executing (default): SELECT 1+1 AS result
[2023-12-08T16:18:00.116] [INFO] db - Executing (default): SELECT 1+1 AS result
[2023-12-08T16:18:05.260] [INFO] db - Executing (default): SELECT 1+1 AS result
[2023-12-08T16:18:12.116] [INFO] db - Executing (default): SELECT 1+1 AS result
[2023-12-08T16:18:33.618] [INFO] db - Executing (default): SELECT 1+1 AS result
[2023-12-08T16:19:04.082] [INFO] db - Executing (default): SELECT 1+1 AS result
[2023-12-08T16:19:42.784] [INFO] db - Executing (default): SELECT 1+1 AS result
[2023-12-08T16:19:53.225] [INFO] db - Executing (default): SELECT 1+1 AS result
[2023-12-08T16:20:00.165] [INFO] db - Executing (default): SELECT `id`, `name`, `email`, `mobile`, `password`, `created_at`, `updated_at` FROM `Admins` AS `Admin` LIMIT 1;
[2023-12-08T16:20:39.015] [INFO] db - Executing (default): SELECT 1+1 AS result
[2023-12-08T16:20:43.915] [INFO] db - Executing (default): SELECT `id`, `name`, `email`, `mobile`, `password`, `created_at`, `updated_at` FROM `Admins` AS `Admin` LIMIT 1;
[2023-12-08T16:20:53.870] [INFO] db - Executing (default): SELECT 1+1 AS result
[2023-12-08T16:21:12.824] [INFO] db - Executing (default): SELECT 1+1 AS result
[2023-12-08T16:22:05.290] [INFO] db - Executing (default): SELECT 1+1 AS result
[2023-12-08T16:22:34.334] [INFO] db - Executing (default): SELECT 1+1 AS result
[2023-12-08T16:22:58.076] [INFO] db - Executing (default): SELECT 1+1 AS result
[2023-12-08T16:24:10.224] [INFO] db - Executing (default): SELECT 1+1 AS result
[2023-12-08T16:24:49.065] [INFO] db - Executing (default): SELECT 1+1 AS result
[2023-12-08T16:25:10.155] [INFO] db - Executing (default): SELECT 1+1 AS result
[2023-12-08T16:25:55.798] [INFO] db - Executing (default): SELECT 1+1 AS result
[2023-12-08T16:26:20.838] [INFO] db - Executing (default): SELECT 1+1 AS result
[2023-12-08T16:26:46.398] [INFO] db - Executing (default): SELECT 1+1 AS result
[2023-12-08T16:26:55.962] [INFO] db - Executing (default): SELECT 1+1 AS result
[2023-12-08T16:27:37.260] [INFO] db - Executing (default): SELECT 1+1 AS result
[2023-12-08T16:28:03.573] [INFO] db - Executing (default): SELECT 1+1 AS result
[2023-12-08T16:28:51.226] [INFO] db - Executing (default): SELECT 1+1 AS result
[2023-12-08T16:29:13.015] [INFO] db - Executing (default): SELECT 1+1 AS result
[2023-12-08T16:29:42.030] [INFO] db - Executing (default): SELECT 1+1 AS result
[2023-12-08T16:30:24.357] [INFO] db - Executing (default): SELECT 1+1 AS result
[2023-12-08T16:31:00.652] [INFO] db - Executing (default): SELECT 1+1 AS result
[2023-12-08T16:31:08.699] [INFO] db - Executing (default): SELECT 1+1 AS result
[2023-12-08T16:31:34.685] [INFO] db - Executing (default): SELECT 1+1 AS result
[2023-12-08T16:32:02.746] [INFO] db - Executing (default): SELECT 1+1 AS result
[2023-12-08T16:32:18.656] [INFO] db - Executing (default): SELECT `id`, `name`, `email`, `mobile`, `password`, `created_at`, `updated_at` FROM `Admins` AS `Admin` LIMIT 1;
[2023-12-08T16:32:24.334] [INFO] db - Executing (default): SELECT `id`, `name`, `email`, `mobile`, `password`, `created_at`, `updated_at` FROM `Admins` AS `Admin` LIMIT 1;
[2023-12-08T16:32:27.698] [INFO] db - Executing (default): SELECT `id`, `name`, `email`, `mobile`, `password`, `created_at`, `updated_at` FROM `Admins` AS `Admin` LIMIT 1;
[2023-12-08T16:32:31.745] [INFO] db - Executing (default): SELECT `id`, `name`, `email`, `mobile`, `password`, `created_at`, `updated_at` FROM `Admins` AS `Admin` LIMIT 1;
[2023-12-08T16:32:38.542] [INFO] db - Executing (default): SELECT `id`, `name`, `email`, `mobile`, `password`, `created_at`, `updated_at` FROM `Admins` AS `Admin` LIMIT 1;
[2023-12-08T16:32:40.094] [INFO] db - Executing (default): SELECT `id`, `name`, `email`, `mobile`, `password`, `created_at`, `updated_at` FROM `Admins` AS `Admin` LIMIT 1;
[2023-12-08T16:32:40.279] [INFO] db - Executing (default): SELECT `id`, `name`, `email`, `mobile`, `password`, `created_at`, `updated_at` FROM `Admins` AS `Admin` LIMIT 1;
[2023-12-08T16:33:13.206] [INFO] db - Executing (default): SELECT 1+1 AS result
[2023-12-08T16:33:13.359] [INFO] db - Executing (default): SELECT `id`, `name`, `email`, `mobile`, `password`, `created_at`, `updated_at` FROM `Admins` AS `Admin` LIMIT 1;
[2023-12-08T16:33:44.465] [INFO] db - Executing (default): SELECT 1+1 AS result
[2023-12-08T16:33:46.977] [INFO] db - Executing (default): SELECT `id`, `name`, `email`, `mobile`, `password`, `created_at`, `updated_at` FROM `Admins` AS `Admin` LIMIT 1;
[2023-12-08T16:35:06.005] [INFO] db - Executing (default): SELECT 1+1 AS result
[2023-12-08T16:35:36.905] [INFO] db - Executing (default): SELECT 1+1 AS result
[2023-12-08T16:36:26.392] [INFO] db - Executing (default): SELECT 1+1 AS result
[2023-12-08T16:36:40.781] [INFO] db - Executing (default): SELECT 1+1 AS result
[2023-12-08T16:38:12.986] [INFO] db - Executing (default): SELECT 1+1 AS result
[2023-12-08T16:39:51.648] [INFO] db - Executing (default): SELECT 1+1 AS result
[2023-12-08T16:43:40.766] [INFO] db - Executing (default): SELECT 1+1 AS result
[2023-12-08T16:46:15.226] [INFO] db - Executing (default): SELECT 1+1 AS result
[2023-12-08T16:52:05.097] [INFO] db - Executing (default): SELECT `id`, `name`, `email`, `mobile`, `password`, `created_at`, `updated_at` FROM `Admins` AS `Admin` LIMIT 1;
[2023-12-08T16:52:43.598] [INFO] db - Executing (default): SELECT `id`, `name`, `email`, `mobile`, `password`, `created_at`, `updated_at` FROM `Admins` AS `Admin` LIMIT 1;
[2023-12-08T16:58:50.767] [INFO] db - Executing (default): SELECT 1+1 AS result
[2023-12-08T17:01:16.832] [INFO] db - Executing (default): SELECT 1+1 AS result
[2023-12-08T17:03:28.570] [INFO] db - Executing (default): SELECT `id`, `name`, `email`, `mobile`, `password`, `createdAt`, `updatedAt` FROM `Admins` AS `Admin` LIMIT 1;
[2023-12-08T17:25:36.796] [INFO] db - Executing (default): SELECT 1+1 AS result
[2023-12-08T17:25:45.294] [INFO] db - Executing (default): SELECT 1+1 AS result
[2023-12-08T17:25:49.849] [INFO] db - Executing (default): SELECT `id`, `name`, `email`, `mobile`, `password` FROM `Admins` AS `Admin` LIMIT 1;
[2023-12-08T17:26:28.013] [INFO] db - Executing (default): SELECT 1+1 AS result
[2023-12-08T17:29:43.186] [INFO] db - Executing (default): SELECT `id`, `name`, `email`, `mobile`, `password` FROM `Admins` AS `Admin` LIMIT 1;
[2023-12-08T17:32:18.695] [INFO] db - Executing (default): SELECT 1+1 AS result
[2023-12-08T17:32:18.852] [INFO] db - Executing (default): SELECT `id`, `name`, `email`, `mobile`, `password` FROM `Admins` AS `Admin` LIMIT 1;
[2023-12-08T17:32:54.615] [INFO] db - Executing (default): SELECT `id`, `name`, `email`, `mobile`, `password` FROM `Admins` AS `Admin` LIMIT 1;
[2023-12-08T17:32:57.559] [INFO] db - Executing (default): SELECT `id`, `name`, `email`, `mobile`, `password` FROM `Admins` AS `Admin` LIMIT 1;
[2023-12-08T17:35:16.189] [INFO] db - Executing (default): SELECT `id`, `name`, `email`, `mobile`, `password` FROM `Admins` AS `Admin` LIMIT 1;
[2023-12-08T17:36:03.956] [INFO] db - Executing (default): SELECT `id`, `name`, `email`, `mobile`, `password` FROM `Admins` AS `Admin` LIMIT 1;
[2023-12-08T17:36:06.236] [INFO] db - Executing (default): SELECT `id`, `name`, `email`, `mobile`, `password` FROM `Admins` AS `Admin` LIMIT 1;
[2023-12-08T17:36:07.223] [INFO] db - Executing (default): SELECT `id`, `name`, `email`, `mobile`, `password` FROM `Admins` AS `Admin` LIMIT 1;
[2023-12-08T17:36:52.165] [INFO] db - Executing (default): SELECT 1+1 AS result
[2023-12-08T17:36:52.361] [INFO] db - Executing (default): SELECT `id`, `name`, `email`, `mobile`, `password`, `created_at`, `updated_at` FROM `Admins` AS `Admin` LIMIT 1;
[2023-12-08T17:37:00.461] [INFO] db - Executing (default): SELECT `id`, `name`, `email`, `mobile`, `password`, `created_at`, `updated_at` FROM `Admins` AS `Admin` LIMIT 1;
[2023-12-08T17:37:08.807] [INFO] db - Executing (default): SELECT `id`, `name`, `email`, `mobile`, `password`, `created_at`, `updated_at` FROM `Admins` AS `Admin` LIMIT 1;
[2023-12-08T17:38:07.734] [INFO] db - Executing (default): SELECT 1+1 AS result
[2023-12-08T17:41:20.558] [INFO] db - Executing (default): SELECT 1+1 AS result
[2023-12-08T17:42:04.953] [INFO] db - Executing (default): SELECT 1+1 AS result
[2023-12-08T17:42:09.569] [INFO] db - Executing (default): SELECT `id`, `name`, `email`, `mobile`, `password`, `created_at`, `updated_at` FROM `Admins` AS `Admin` LIMIT 1;
[2023-12-08T17:44:46.878] [INFO] db - Executing (default): SELECT 1+1 AS result
[2023-12-08T17:48:30.860] [INFO] db - Executing (default): SELECT 1+1 AS result
[2023-12-08T17:52:19.690] [INFO] db - Executing (default): SELECT 1+1 AS result
[2023-12-08T17:53:38.741] [INFO] db - Executing (default): SELECT 1+1 AS result
[2023-12-08T17:54:44.796] [INFO] db - Executing (default): SELECT 1+1 AS result
[2023-12-08T17:57:18.237] [INFO] db - Executing (default): SELECT 1+1 AS result
[2023-12-08T18:02:15.963] [INFO] db - Executing (default): SELECT 1+1 AS result
[2023-12-08T18:09:56.243] [INFO] db - Executing (default): SELECT 1+1 AS result
[2023-12-08T18:11:52.396] [INFO] db - Executing (default): SELECT 1+1 AS result
[2023-12-08T18:24:13.504] [INFO] db - Executing (default): SELECT 1+1 AS result
[2023-12-08T18:24:46.976] [INFO] db - Executing (default): SELECT 1+1 AS result
[2023-12-08T18:30:02.524] [INFO] db - Executing (default): SELECT 1+1 AS result
[2023-12-08T18:30:16.366] [INFO] db - Executing (default): SELECT 1+1 AS result
[2023-12-13T17:59:41.411] [INFO] db - Executing (default): SELECT 1+1 AS result
[2023-12-13T18:00:45.171] [INFO] db - Executing (default): SELECT 1+1 AS result
[2023-12-14T13:42:10.271] [INFO] db - Executing (default): SELECT 1+1 AS result
[2023-12-14T13:51:28.833] [INFO] db - Executing (default): SELECT 1+1 AS result
[2023-12-14T13:54:54.332] [INFO] db - Executing (default): SELECT 1+1 AS result
[2023-12-14T13:55:19.733] [INFO] db - Executing (default): SELECT 1+1 AS result
[2023-12-14T14:14:56.368] [INFO] db - Executing (default): SELECT `id`, `name`, `email`, `mobile`, `password`, `role`, `created_at`, `updated_at` FROM `Admins` AS `Admin` WHERE `Admin`.`name` = 'admin1' LIMIT 1;
[2023-12-14T14:15:11.314] [INFO] db - Executing (default): SELECT `id`, `name`, `email`, `mobile`, `password`, `role`, `created_at`, `updated_at` FROM `Admins` AS `Admin` WHERE `Admin`.`name` = 'admin' LIMIT 1;
[2023-12-14T14:17:25.154] [INFO] db - Executing (default): SELECT 1+1 AS result
[2023-12-14T14:17:26.912] [INFO] db - Executing (default): SELECT `id`, `name`, `email`, `mobile`, `password`, `role`, `created_at`, `updated_at` FROM `Admins` AS `Admin` WHERE `Admin`.`name` = 'admin' LIMIT 1;
[2023-12-14T14:19:34.923] [INFO] db - Executing (default): SELECT 1+1 AS result
[2023-12-14T14:19:46.567] [INFO] db - Executing (default): SELECT 1+1 AS result
[2023-12-14T14:19:55.832] [INFO] db - Executing (default): SELECT 1+1 AS result
[2023-12-14T14:20:27.596] [INFO] db - Executing (default): SELECT `id`, `name`, `email`, `mobile`, `password`, `role`, `created_at`, `updated_at` FROM `Admins` AS `Admin` WHERE `Admin`.`name` = 'admin' LIMIT 1;
[2023-12-14T14:33:04.414] [INFO] db - Executing (default): SELECT 1+1 AS result
[2023-12-14T14:33:23.086] [INFO] db - Executing (default): SELECT `id`, `name`, `email`, `mobile`, `password`, `role`, `created_at`, `updated_at` FROM `Admins` AS `Admin` WHERE `Admin`.`username` = 'admin' LIMIT 1;
[2023-12-14T14:34:38.446] [INFO] db - Executing (default): SELECT 1+1 AS result
[2023-12-14T14:34:41.994] [INFO] db - Executing (default): SELECT `id`, `username`, `email`, `mobile`, `password`, `role`, `created_at`, `updated_at` FROM `Admins` AS `Admin` WHERE `Admin`.`username` = 'admin' LIMIT 1;
[2023-12-14T14:34:50.322] [INFO] db - Executing (default): SELECT `id`, `username`, `email`, `mobile`, `password`, `role`, `created_at`, `updated_at` FROM `Admins` AS `Admin` WHERE `Admin`.`username` = 'dejavu' LIMIT 1;
[2023-12-14T14:35:23.397] [INFO] db - Executing (default): SELECT `id`, `username`, `email`, `mobile`, `password`, `role`, `created_at`, `updated_at` FROM `Admins` AS `Admin` WHERE `Admin`.`username` = 'dejavu' LIMIT 1;
[2023-12-14T14:36:41.007] [INFO] db - Executing (default): SELECT 1+1 AS result
[2023-12-14T14:37:11.161] [INFO] db - Executing (default): SELECT 1+1 AS result
[2023-12-14T14:37:16.829] [INFO] db - Executing (default): SELECT `id`, `username`, `email`, `mobile`, `password`, `role`, `created_at`, `updated_at` FROM `Admins` AS `Admin` WHERE `Admin`.`username` = 'admin' LIMIT 1;
[2023-12-14T15:19:59.161] [INFO] db - Executing (default): SELECT `id`, `username`, `email`, `mobile`, `password`, `role`, `created_at`, `updated_at` FROM `Admins` AS `Admin` WHERE `Admin`.`username` = 'admin' LIMIT 1;
[2023-12-14T15:43:04.187] [INFO] db - Executing (default): SELECT 1+1 AS result
[2023-12-14T15:50:49.807] [INFO] db - Executing (default): SELECT 1+1 AS result
[2023-12-14T16:11:59.695] [INFO] db - Executing (default): SELECT `id`, `username`, `email`, `mobile`, `password`, `role`, `created_at`, `updated_at` FROM `Admins` AS `Admin` WHERE `Admin`.`username` = 'admin' LIMIT 1;
[2023-12-15T08:45:01.938] [INFO] db - Executing (default): SELECT 1+1 AS result
[2023-12-15T09:14:26.303] [INFO] db - Executing (default): SELECT 1+1 AS result
[2023-12-15T09:14:31.875] [INFO] db - Executing (default): SELECT 1+1 AS result
[2023-12-15T09:38:51.098] [INFO] db - Executing (default): SELECT 1+1 AS result
[2023-12-15T09:45:45.409] [INFO] db - Executing (default): SELECT 1+1 AS result
[2023-12-15T09:46:40.106] [INFO] db - Executing (default): SELECT 1+1 AS result
[2023-12-15T10:14:24.629] [INFO] db - Executing (default): SELECT 1+1 AS result
[2023-12-15T10:15:27.284] [INFO] db - Executing (default): SELECT 1+1 AS result
[2023-12-15T10:17:20.003] [INFO] db - Executing (default): SELECT 1+1 AS result
[2023-12-15T10:18:06.398] [INFO] db - Executing (default): SELECT 1+1 AS result
[2023-12-15T10:18:47.274] [INFO] db - Executing (default): SELECT 1+1 AS result
[2023-12-15T10:19:16.861] [INFO] db - Executing (default): SELECT 1+1 AS result
[2023-12-15T10:37:15.833] [INFO] db - Executing (default): SELECT 1+1 AS result
[2023-12-15T10:40:12.399] [INFO] db - Executing (default): SELECT 1+1 AS result
[2023-12-15T10:41:00.602] [INFO] db - Executing (default): SELECT 1+1 AS result
[2023-12-15T10:41:38.296] [INFO] db - Executing (default): SELECT 1+1 AS result
[2023-12-15T10:42:12.553] [INFO] db - Executing (default): SELECT 1+1 AS result
[2023-12-15T10:50:32.331] [INFO] db - Executing (default): SELECT 1+1 AS result
[2023-12-15T10:51:26.678] [INFO] db - Executing (default): SELECT 1+1 AS result
[2023-12-15T11:11:27.570] [INFO] db - Executing (default): SELECT 1+1 AS result
[2023-12-15T16:50:15.758] [INFO] db - Executing (default): SELECT 1+1 AS result
[2023-12-15T16:50:49.626] [INFO] db - Executing (default): SELECT 1+1 AS result
[2023-12-19T08:41:33.976] [INFO] db - Executing (default): SELECT 1+1 AS result
[2023-12-19T08:43:45.215] [INFO] db - Executing (default): SELECT `id`, `username`, `email`, `mobile`, `password`, `role`, `created_at`, `updated_at` FROM `Admins` AS `Admin` WHERE `Admin`.`username` = 'admin' LIMIT 1;
[2023-12-19T08:43:47.631] [INFO] db - Executing (default): SELECT `id`, `username`, `email`, `mobile`, `password`, `role`, `created_at`, `updated_at` FROM `Admins` AS `Admin` WHERE `Admin`.`username` = 'admin' LIMIT 1;
[2023-12-19T08:44:58.318] [INFO] db - Executing (default): SELECT `id`, `username`, `email`, `mobile`, `password`, `role`, `created_at`, `updated_at` FROM `Admins` AS `Admin` WHERE `Admin`.`username` = 'admin' LIMIT 1;
[2023-12-19T08:45:38.390] [INFO] db - Executing (default): SELECT `id`, `username`, `email`, `mobile`, `password`, `role`, `created_at`, `updated_at` FROM `Admins` AS `Admin` WHERE `Admin`.`username` = 'admin' LIMIT 1;
[2023-12-19T08:45:51.097] [INFO] db - Executing (default): SELECT `id`, `username`, `email`, `mobile`, `password`, `role`, `created_at`, `updated_at` FROM `Admins` AS `Admin` WHERE `Admin`.`username` = 'admin' LIMIT 1;
[2023-12-19T08:46:22.920] [INFO] db - Executing (default): SELECT `id`, `username`, `email`, `mobile`, `password`, `role`, `created_at`, `updated_at` FROM `Admins` AS `Admin` WHERE `Admin`.`username` = 'admin' LIMIT 1;
[2023-12-19T08:46:41.761] [INFO] db - Executing (default): SELECT `id`, `username`, `email`, `mobile`, `password`, `role`, `created_at`, `updated_at` FROM `Admins` AS `Admin` WHERE `Admin`.`username` = 'admin' LIMIT 1;
[2023-12-19T09:04:48.460] [INFO] db - Executing (default): SELECT `id`, `username`, `email`, `mobile`, `password`, `role`, `created_at`, `updated_at` FROM `Admins` AS `Admin` WHERE `Admin`.`username` = 'admin' LIMIT 1;
[2023-12-19T09:12:22.396] [INFO] db - Executing (default): SELECT count(*) AS `count` FROM `Admins` AS `Admin`;
[2023-12-19T09:12:22.397] [INFO] db - Executing (default): SELECT `id`, `username`, `email`, `mobile`, `password`, `role`, `created_at`, `updated_at` FROM `Admins` AS `Admin` LIMIT 0, 15;
[2023-12-19T09:41:04.819] [INFO] db - Executing (default): SELECT 1+1 AS result
[2023-12-19T09:44:38.820] [INFO] db - Executing (default): SELECT 1+1 AS result
[2023-12-19T09:45:31.166] [INFO] db - Executing (default): SELECT 1+1 AS result
[2023-12-19T09:46:31.280] [INFO] db - Executing (default): SELECT 1+1 AS result
[2023-12-19T09:47:24.090] [INFO] db - Executing (default): SELECT 1+1 AS result
[2023-12-19T09:47:33.176] [INFO] db - Executing (default): SELECT 1+1 AS result
[2023-12-19T09:48:44.030] [INFO] db - Executing (default): SELECT 1+1 AS result
[2023-12-19T09:49:23.261] [INFO] db - Executing (default): SELECT 1+1 AS result
[2023-12-19T09:49:59.896] [INFO] db - Executing (default): SELECT 1+1 AS result
[2023-12-19T09:50:37.344] [INFO] db - Executing (default): SELECT 1+1 AS result
[2023-12-19T09:53:48.889] [INFO] db - Executing (default): SELECT 1+1 AS result
[2023-12-19T09:56:32.226] [INFO] db - Executing (default): SELECT 1+1 AS result
[2023-12-19T10:05:01.153] [INFO] db - Executing (default): SELECT 1+1 AS result
[2023-12-19T10:06:34.180] [INFO] db - Executing (default): SELECT 1+1 AS result
[2023-12-19T10:44:54.944] [INFO] db - Executing (default): SELECT 1+1 AS result
[2023-12-19T10:48:31.685] [INFO] db - Executing (default): SELECT 1+1 AS result
[2023-12-19T10:49:45.112] [INFO] db - Executing (default): SELECT 1+1 AS result
[2023-12-19T10:52:26.330] [INFO] db - Executing (default): SELECT 1+1 AS result
[2023-12-19T10:53:18.124] [INFO] db - Executing (default): SELECT `id`, `username`, `email`, `mobile`, `password`, `role`, `created_at`, `updated_at` FROM `Admins` AS `Admin` WHERE `Admin`.`username` = 'admin' LIMIT 1;
[2023-12-19T10:54:46.068] [INFO] db - Executing (default): SELECT 1+1 AS result
[2023-12-19T10:55:02.436] [INFO] db - Executing (default): SELECT 1+1 AS result
[2023-12-19T10:57:02.451] [INFO] db - Executing (default): SELECT 1+1 AS result
[2023-12-19T10:58:57.865] [INFO] db - Executing (default): SELECT 1+1 AS result
[2023-12-19T11:03:28.677] [INFO] db - Executing (default): SELECT 1+1 AS result
[2023-12-19T11:07:49.283] [INFO] db - Executing (default): SELECT 1+1 AS result
[2023-12-19T11:08:40.650] [INFO] db - Executing (default): SELECT `id`, `username`, `email`, `mobile`, `password`, `role`, `created_at`, `updated_at` FROM `Admins` AS `Admin` WHERE `Admin`.`username` = '13123' LIMIT 1;
[2023-12-19T11:13:49.093] [INFO] db - Executing (default): SELECT 1+1 AS result
[2023-12-19T11:14:00.875] [INFO] db - Executing (default): SELECT `id`, `username`, `email`, `mobile`, `password`, `role`, `created_at`, `updated_at` FROM `Admins` AS `Admin` WHERE `Admin`.`username` = '21125' LIMIT 1;
[2023-12-19T13:50:51.936] [INFO] db - Executing (default): SELECT 1+1 AS result
[2023-12-19T13:53:25.374] [INFO] db - Executing (default): SELECT 1+1 AS result
[2023-12-19T13:53:47.876] [INFO] db - Executing (default): SELECT 1+1 AS result
[2023-12-19T13:53:59.451] [INFO] db - Executing (default): SELECT 1+1 AS result
[2023-12-19T13:55:49.613] [INFO] db - Executing (default): SELECT 1+1 AS result
[2023-12-19T13:56:53.956] [INFO] db - Executing (default): SELECT 1+1 AS result
[2023-12-19T13:57:02.389] [INFO] db - Executing (default): SELECT 1+1 AS result
[2023-12-19T13:58:05.130] [INFO] db - Executing (default): SELECT 1+1 AS result
[2023-12-19T13:58:37.772] [INFO] db - Executing (default): SELECT 1+1 AS result
[2023-12-19T13:59:20.327] [INFO] db - Executing (default): SELECT 1+1 AS result
[2023-12-19T14:00:16.073] [INFO] db - Executing (default): SELECT 1+1 AS result
[2023-12-19T14:01:47.621] [INFO] db - Executing (default): SELECT 1+1 AS result
[2023-12-19T14:03:49.305] [INFO] db - Executing (default): SELECT 1+1 AS result
[2023-12-19T14:05:01.565] [INFO] db - Executing (default): SELECT 1+1 AS result
[2023-12-19T14:06:14.290] [INFO] db - Executing (default): SELECT 1+1 AS result
[2023-12-19T14:06:30.918] [INFO] db - Executing (default): SELECT 1+1 AS result
[2023-12-19T14:09:06.895] [INFO] db - Executing (default): SELECT 1+1 AS result
[2023-12-19T14:22:47.753] [INFO] db - Executing (default): SELECT 1+1 AS result
[2023-12-19T14:26:15.133] [INFO] db - Executing (default): SELECT 1+1 AS result
[2023-12-19T14:29:06.733] [INFO] db - Executing (default): SELECT `id`, `username`, `email`, `mobile`, `password`, `role`, `created_at`, `updated_at` FROM `Admins` AS `Admin` WHERE `Admin`.`username` = 'admin' LIMIT 1;
[2023-12-19T14:34:00.858] [INFO] db - Executing (default): SELECT 1+1 AS result
[2023-12-19T14:34:08.800] [INFO] db - Executing (default): SELECT 1+1 AS result
[2023-12-19T14:37:11.982] [INFO] db - Executing (default): SELECT `id`, `username`, `email`, `mobile`, `password`, `role`, `created_at`, `updated_at` FROM `Admins` AS `Admin` WHERE `Admin`.`username` = 'admin' LIMIT 1;
[2023-12-19T14:41:02.058] [INFO] db - Executing (default): SELECT 1+1 AS result
[2023-12-19T14:41:03.857] [INFO] db - Executing (default): SELECT `id`, `username`, `email`, `mobile`, `password`, `role`, `created_at`, `updated_at` FROM `Admins` AS `Admin` WHERE `Admin`.`username` = 'admin' LIMIT 1;
[2023-12-19T14:41:45.849] [INFO] db - Executing (default): SELECT 1+1 AS result
[2023-12-19T14:41:48.452] [INFO] db - Executing (default): SELECT `id`, `username`, `email`, `mobile`, `password`, `role`, `created_at`, `updated_at` FROM `Admins` AS `Admin` WHERE `Admin`.`username` = 'admin' LIMIT 1;
[2023-12-19T14:45:59.206] [INFO] db - Executing (default): SELECT 1+1 AS result
[2023-12-19T14:46:01.538] [INFO] db - Executing (default): SELECT `id`, `username`, `email`, `mobile`, `password`, `role`, `created_at`, `updated_at` FROM `Admins` AS `Admin` WHERE `Admin`.`username` = 'admin' LIMIT 1;
[2023-12-19T14:47:12.819] [INFO] db - Executing (default): SELECT 1+1 AS result
[2023-12-19T14:52:23.804] [INFO] db - Executing (default): SELECT `id`, `username`, `email`, `mobile`, `password`, `role`, `created_at`, `updated_at` FROM `Admins` AS `Admin` WHERE `Admin`.`username` = 'undefined' LIMIT 1;
[2023-12-19T14:52:29.226] [INFO] db - Executing (default): SELECT `id`, `username`, `email`, `mobile`, `password`, `role`, `created_at`, `updated_at` FROM `Admins` AS `Admin` WHERE `Admin`.`username` = 'undefined' LIMIT 1;
[2023-12-19T14:52:31.117] [INFO] db - Executing (default): SELECT `id`, `username`, `email`, `mobile`, `password`, `role`, `created_at`, `updated_at` FROM `Admins` AS `Admin` WHERE `Admin`.`username` = 'undefined' LIMIT 1;
[2023-12-19T14:52:38.939] [INFO] db - Executing (default): SELECT `id`, `username`, `email`, `mobile`, `password`, `role`, `created_at`, `updated_at` FROM `Admins` AS `Admin` WHERE `Admin`.`username` = 'undefined' LIMIT 1;
[2023-12-19T14:53:54.134] [INFO] db - Executing (default): SELECT `id`, `username`, `email`, `mobile`, `password`, `role`, `created_at`, `updated_at` FROM `Admins` AS `Admin` WHERE `Admin`.`username` = 'undefined' LIMIT 1;
[2023-12-19T14:55:08.446] [INFO] db - Executing (default): SELECT `id`, `username`, `email`, `mobile`, `password`, `role`, `created_at`, `updated_at` FROM `Admins` AS `Admin` WHERE `Admin`.`username` = 'undefined' LIMIT 1;
[2023-12-19T14:55:13.338] [INFO] db - Executing (default): SELECT `id`, `username`, `email`, `mobile`, `password`, `role`, `created_at`, `updated_at` FROM `Admins` AS `Admin` WHERE `Admin`.`username` = 'undefined' LIMIT 1;
[2023-12-19T14:55:43.344] [INFO] db - Executing (default): SELECT `id`, `username`, `email`, `mobile`, `password`, `role`, `created_at`, `updated_at` FROM `Admins` AS `Admin` WHERE `Admin`.`username` = 'undefined' LIMIT 1;
[2023-12-19T14:55:44.080] [INFO] db - Executing (default): SELECT `id`, `username`, `email`, `mobile`, `password`, `role`, `created_at`, `updated_at` FROM `Admins` AS `Admin` WHERE `Admin`.`username` = 'undefined' LIMIT 1;
[2023-12-19T14:55:45.514] [INFO] db - Executing (default): SELECT `id`, `username`, `email`, `mobile`, `password`, `role`, `created_at`, `updated_at` FROM `Admins` AS `Admin` WHERE `Admin`.`username` = 'undefined' LIMIT 1;
[2023-12-19T15:04:21.967] [INFO] db - Executing (default): SELECT `id`, `username`, `email`, `mobile`, `password`, `role`, `created_at`, `updated_at` FROM `Admins` AS `Admin` WHERE `Admin`.`username` = 'admin' LIMIT 1;
[2023-12-19T15:06:30.160] [INFO] db - Executing (default): SELECT `id`, `username`, `email`, `mobile`, `password`, `role`, `created_at`, `updated_at` FROM `Admins` AS `Admin` WHERE `Admin`.`username` = 'admin' LIMIT 1;
[2023-12-19T15:08:13.684] [INFO] db - Executing (default): SELECT 1+1 AS result
[2023-12-19T15:08:51.515] [INFO] db - Executing (default): SELECT 1+1 AS result
[2023-12-19T15:09:07.395] [INFO] db - Executing (default): SELECT `id`, `username`, `email`, `mobile`, `password`, `role`, `created_at`, `updated_at` FROM `Admins` AS `Admin` WHERE `Admin`.`username` = 'admin' LIMIT 1;
[2023-12-19T15:09:16.060] [INFO] db - Executing (default): SELECT 1+1 AS result
[2023-12-19T15:10:00.005] [INFO] db - Executing (default): SELECT 1+1 AS result
[2023-12-19T15:11:59.181] [INFO] db - Executing (default): SELECT `id`, `username`, `email`, `mobile`, `password`, `role`, `created_at`, `updated_at` FROM `Admins` AS `Admin` WHERE `Admin`.`username` = 'admin' LIMIT 1;
[2023-12-19T15:12:03.747] [INFO] db - Executing (default): SELECT `id`, `username`, `email`, `mobile`, `password`, `role`, `created_at`, `updated_at` FROM `Admins` AS `Admin` WHERE `Admin`.`username` = 'admin1' LIMIT 1;
[2023-12-19T15:12:06.620] [INFO] db - Executing (default): SELECT `id`, `username`, `email`, `mobile`, `password`, `role`, `created_at`, `updated_at` FROM `Admins` AS `Admin` WHERE `Admin`.`username` = 'admin1' LIMIT 1;
[2023-12-19T15:12:18.238] [INFO] db - Executing (default): SELECT `id`, `username`, `email`, `mobile`, `password`, `role`, `created_at`, `updated_at` FROM `Admins` AS `Admin` WHERE `Admin`.`username` = 'admin1' LIMIT 1;
[2023-12-19T15:48:41.258] [INFO] db - Executing (default): SELECT `id`, `username`, `email`, `mobile`, `password`, `role`, `created_at`, `updated_at` FROM `Admins` AS `Admin` WHERE `Admin`.`username` = 'admin' LIMIT 1;
[2023-12-19T15:48:45.268] [INFO] db - Executing (default): SELECT `id`, `username`, `email`, `mobile`, `password`, `role`, `created_at`, `updated_at` FROM `Admins` AS `Admin` WHERE `Admin`.`username` = 'admin1' LIMIT 1;
[2023-12-19T15:50:49.105] [INFO] db - Executing (default): SELECT `id`, `username`, `email`, `mobile`, `password`, `role`, `created_at`, `updated_at` FROM `Admins` AS `Admin` WHERE `Admin`.`username` = 'admin' LIMIT 1;
[2023-12-19T15:50:55.875] [INFO] db - Executing (default): SELECT `id`, `username`, `email`, `mobile`, `password`, `role`, `created_at`, `updated_at` FROM `Admins` AS `Admin` WHERE `Admin`.`username` = 'admin1' LIMIT 1;
[2023-12-19T15:51:52.986] [INFO] db - Executing (default): SELECT `id`, `username`, `email`, `mobile`, `password`, `role`, `created_at`, `updated_at` FROM `Admins` AS `Admin` WHERE `Admin`.`username` = 'asdas' LIMIT 1;
[2023-12-20T08:36:28.432] [INFO] db - Executing (default): SELECT 1+1 AS result
[2023-12-20T08:37:19.758] [INFO] db - Executing (default): SELECT 1+1 AS result
[2023-12-20T08:42:54.061] [INFO] db - Executing (default): SELECT `id`, `username`, `email`, `mobile`, `password`, `role`, `created_at`, `updated_at` FROM `Admins` AS `Admin` WHERE `Admin`.`username` = 'admin' LIMIT 1;
[2023-12-20T08:43:08.614] [INFO] db - Executing (default): SELECT `id`, `username`, `email`, `mobile`, `password`, `role`, `created_at`, `updated_at` FROM `Admins` AS `Admin` WHERE `Admin`.`username` = 'dejavu' LIMIT 1;
[2023-12-20T08:46:24.841] [INFO] db - Executing (default): SELECT `id`, `username`, `email`, `mobile`, `password`, `role`, `created_at`, `updated_at` FROM `Admins` AS `Admin` WHERE `Admin`.`username` = 'dejavu' LIMIT 1;
[2023-12-20T08:47:14.753] [INFO] db - Executing (default): SELECT `id`, `username`, `email`, `mobile`, `password`, `role`, `created_at`, `updated_at` FROM `Admins` AS `Admin` WHERE `Admin`.`username` = 'dejavu' LIMIT 1;
[2023-12-20T08:56:19.666] [INFO] db - Executing (default): SELECT `id`, `username`, `email`, `mobile`, `password`, `role`, `created_at`, `updated_at` FROM `Admins` AS `Admin` WHERE `Admin`.`username` = 'dejavu' LIMIT 1;
[2023-12-20T08:56:27.257] [INFO] db - Executing (default): SELECT `id`, `username`, `email`, `mobile`, `password`, `role`, `created_at`, `updated_at` FROM `Admins` AS `Admin` WHERE `Admin`.`username` = 'dejavu' LIMIT 1;
[2023-12-20T08:57:31.440] [INFO] db - Executing (default): SELECT 1+1 AS result
[2023-12-20T08:57:40.557] [INFO] db - Executing (default): SELECT `id`, `username`, `email`, `mobile`, `password`, `role`, `created_at`, `updated_at` FROM `Admins` AS `Admin` WHERE `Admin`.`username` = 'dejavu' LIMIT 1;
[2023-12-20T08:57:40.587] [INFO] db - Executing (default): SELECT `id`, `username`, `email`, `mobile`, `password`, `role`, `created_at`, `updated_at` FROM `Admins` AS `Admin` WHERE `Admin`.`username` = 'dejavu' LIMIT 1;
[2023-12-20T08:57:40.650] [INFO] db - Executing (default): INSERT INTO `Admins` (`id`,`username`,`password`,`role`,`created_at`,`updated_at`) VALUES (DEFAULT,?,?,?,?,?);
[2023-12-20T09:02:25.260] [INFO] db - Executing (default): SELECT 1+1 AS result
[2023-12-20T09:19:58.858] [INFO] db - Executing (default): SELECT 1+1 AS result
[2023-12-20T09:21:33.213] [INFO] db - Executing (default): SELECT 1+1 AS result
[2023-12-20T09:23:59.553] [INFO] db - Executing (default): SELECT `id`, `username`, `email`, `mobile`, `password`, `role`, `created_at`, `updated_at` FROM `Admins` AS `Admin` WHERE `Admin`.`username` = 'dejavu' LIMIT 1;
[2023-12-20T09:25:21.580] [INFO] db - Executing (default): SELECT 1+1 AS result
[2023-12-20T09:25:50.426] [INFO] db - Executing (default): SELECT `id`, `username`, `email`, `mobile`, `password`, `role`, `created_at`, `updated_at` FROM `Admins` AS `Admin` WHERE `Admin`.`username` = 'dejavu' LIMIT 1;
[2023-12-20T09:26:15.014] [INFO] db - Executing (default): SELECT `id`, `username`, `email`, `mobile`, `password`, `role`, `created_at`, `updated_at` FROM `Admins` AS `Admin` WHERE `Admin`.`username` = 'dejavu' LIMIT 1;
[2023-12-20T09:26:21.869] [INFO] db - Executing (default): SELECT 1+1 AS result
[2023-12-20T09:26:22.951] [INFO] db - Executing (default): SELECT `id`, `username`, `email`, `mobile`, `password`, `role`, `created_at`, `updated_at` FROM `Admins` AS `Admin` WHERE `Admin`.`username` = 'dejavu' LIMIT 1;
[2023-12-20T09:39:25.071] [INFO] db - Executing (default): SELECT 1+1 AS result
[2023-12-20T09:39:36.053] [INFO] db - Executing (default): SELECT `id`, `username`, `email`, `mobile`, `password`, `role`, `created_at`, `updated_at` FROM `Admins` AS `Admin` WHERE `Admin`.`username` = 'dejavu' LIMIT 1;
[2023-12-20T09:46:38.360] [INFO] db - Executing (default): SELECT `id`, `username`, `email`, `mobile`, `password`, `role`, `created_at`, `updated_at` FROM `Admins` AS `Admin` WHERE `Admin`.`username` = 'dejavu' LIMIT 1;
[2023-12-20T09:50:50.583] [INFO] db - Executing (default): SELECT 1+1 AS result
[2023-12-20T10:19:09.964] [INFO] db - Executing (default): SELECT 1+1 AS result
[2023-12-20T10:26:11.596] [INFO] db - Executing (default): SELECT 1+1 AS result
[2023-12-20T10:27:13.964] [INFO] db - Executing (default): SELECT `id`, `username`, `email`, `mobile`, `password`, `role`, `created_at`, `updated_at` FROM `Admins` AS `Admin` WHERE `Admin`.`username` = '111' LIMIT 1;
[2023-12-20T10:29:23.726] [INFO] db - Executing (default): SELECT `id`, `username`, `email`, `mobile`, `password`, `role`, `created_at`, `updated_at` FROM `Admins` AS `Admin` WHERE `Admin`.`username` = 'dejavu' LIMIT 1;
[2023-12-20T10:29:23.854] [INFO] db - Executing (default): SELECT count(*) AS `count` FROM `Admins` AS `Admin`;
[2023-12-20T10:29:23.864] [INFO] db - Executing (default): SELECT `id`, `username`, `email`, `mobile`, `password`, `role`, `created_at`, `updated_at` FROM `Admins` AS `Admin` LIMIT 0, 15;
[2023-12-20T10:30:14.920] [INFO] db - Executing (default): SELECT `id`, `username`, `email`, `mobile`, `password`, `role`, `created_at`, `updated_at` FROM `Admins` AS `Admin` WHERE `Admin`.`username` = '21312' LIMIT 1;
[2023-12-20T10:30:17.451] [INFO] db - Executing (default): SELECT `id`, `username`, `email`, `mobile`, `password`, `role`, `created_at`, `updated_at` FROM `Admins` AS `Admin` WHERE `Admin`.`username` = '21312' LIMIT 1;
[2023-12-20T10:30:33.999] [INFO] db - Executing (default): SELECT `id`, `username`, `email`, `mobile`, `password`, `role`, `created_at`, `updated_at` FROM `Admins` AS `Admin` WHERE `Admin`.`username` = '21312' LIMIT 1;
[2023-12-20T10:31:05.457] [INFO] db - Executing (default): SELECT `id`, `username`, `email`, `mobile`, `password`, `role`, `created_at`, `updated_at` FROM `Admins` AS `Admin` WHERE `Admin`.`username` = '21312' LIMIT 1;
[2023-12-20T10:31:54.536] [INFO] db - Executing (default): SELECT `id`, `username`, `email`, `mobile`, `password`, `role`, `created_at`, `updated_at` FROM `Admins` AS `Admin` WHERE `Admin`.`username` = '21312' LIMIT 1;
[2023-12-20T10:32:39.062] [INFO] db - Executing (default): SELECT `id`, `username`, `email`, `mobile`, `password`, `role`, `created_at`, `updated_at` FROM `Admins` AS `Admin` WHERE `Admin`.`username` = '21312' LIMIT 1;
[2023-12-20T10:32:40.373] [INFO] db - Executing (default): SELECT `id`, `username`, `email`, `mobile`, `password`, `role`, `created_at`, `updated_at` FROM `Admins` AS `Admin` WHERE `Admin`.`username` = '21312' LIMIT 1;
[2023-12-20T10:32:41.496] [INFO] db - Executing (default): SELECT `id`, `username`, `email`, `mobile`, `password`, `role`, `created_at`, `updated_at` FROM `Admins` AS `Admin` WHERE `Admin`.`username` = '21312' LIMIT 1;
[2023-12-20T11:01:29.102] [INFO] db - Executing (default): SELECT `id`, `username`, `email`, `mobile`, `password`, `role`, `created_at`, `updated_at` FROM `Admins` AS `Admin` WHERE `Admin`.`username` = '324125' LIMIT 1;
[2023-12-20T11:07:55.749] [INFO] db - Executing (default): SELECT `id`, `username`, `email`, `mobile`, `password`, `role`, `created_at`, `updated_at` FROM `Admins` AS `Admin` WHERE `Admin`.`username` = '123124' LIMIT 1;
[2023-12-20T11:08:55.108] [INFO] db - Executing (default): SELECT `id`, `username`, `email`, `mobile`, `password`, `role`, `created_at`, `updated_at` FROM `Admins` AS `Admin` WHERE `Admin`.`username` = '15125125' LIMIT 1;
[2023-12-20T11:09:00.557] [INFO] db - Executing (default): SELECT `id`, `username`, `email`, `mobile`, `password`, `role`, `created_at`, `updated_at` FROM `Admins` AS `Admin` WHERE `Admin`.`username` = '15125125' LIMIT 1;
[2023-12-20T11:09:38.990] [INFO] db - Executing (default): SELECT `id`, `username`, `email`, `mobile`, `password`, `role`, `created_at`, `updated_at` FROM `Admins` AS `Admin` WHERE `Admin`.`username` = '123124125' LIMIT 1;
[2023-12-20T11:10:50.728] [INFO] db - Executing (default): SELECT `id`, `username`, `email`, `mobile`, `password`, `role`, `created_at`, `updated_at` FROM `Admins` AS `Admin` WHERE `Admin`.`username` = '123124125' LIMIT 1;
[2023-12-20T11:10:52.122] [INFO] db - Executing (default): SELECT `id`, `username`, `email`, `mobile`, `password`, `role`, `created_at`, `updated_at` FROM `Admins` AS `Admin` WHERE `Admin`.`username` = '123124125' LIMIT 1;
[2023-12-20T11:11:01.305] [INFO] db - Executing (default): SELECT 1+1 AS result
[2023-12-20T11:11:02.957] [INFO] db - Executing (default): SELECT `id`, `username`, `email`, `mobile`, `password`, `role`, `created_at`, `updated_at` FROM `Admins` AS `Admin` WHERE `Admin`.`username` = '123124125' LIMIT 1;
[2023-12-20T11:11:17.171] [INFO] db - Executing (default): SELECT `id`, `username`, `email`, `mobile`, `password`, `role`, `created_at`, `updated_at` FROM `Admins` AS `Admin` WHERE `Admin`.`username` = '123124125' LIMIT 1;
[2023-12-20T11:16:23.517] [INFO] db - Executing (default): SELECT `id`, `username`, `email`, `mobile`, `password`, `role`, `created_at`, `updated_at` FROM `Admins` AS `Admin` WHERE `Admin`.`username` = '123124125' LIMIT 1;
[2023-12-20T11:17:31.689] [INFO] db - Executing (default): SELECT `id`, `username`, `email`, `mobile`, `password`, `role`, `created_at`, `updated_at` FROM `Admins` AS `Admin` WHERE `Admin`.`username` = '123124125' LIMIT 1;
[2023-12-20T11:17:38.423] [INFO] db - Executing (default): SELECT `id`, `username`, `email`, `mobile`, `password`, `role`, `created_at`, `updated_at` FROM `Admins` AS `Admin` WHERE `Admin`.`username` = '123124125' LIMIT 1;
[2023-12-20T11:18:33.598] [INFO] db - Executing (default): SELECT `id`, `username`, `email`, `mobile`, `password`, `role`, `created_at`, `updated_at` FROM `Admins` AS `Admin` WHERE `Admin`.`username` = '123124125' LIMIT 1;
[2023-12-20T11:18:35.356] [INFO] db - Executing (default): SELECT `id`, `username`, `email`, `mobile`, `password`, `role`, `created_at`, `updated_at` FROM `Admins` AS `Admin` WHERE `Admin`.`username` = '123124125' LIMIT 1;
[2023-12-20T11:18:37.531] [INFO] db - Executing (default): SELECT `id`, `username`, `email`, `mobile`, `password`, `role`, `created_at`, `updated_at` FROM `Admins` AS `Admin` WHERE `Admin`.`username` = '123124125' LIMIT 1;
[2023-12-20T11:18:39.750] [INFO] db - Executing (default): SELECT `id`, `username`, `email`, `mobile`, `password`, `role`, `created_at`, `updated_at` FROM `Admins` AS `Admin` WHERE `Admin`.`username` = '123124125' LIMIT 1;
[2023-12-20T11:18:48.613] [INFO] db - Executing (default): SELECT `id`, `username`, `email`, `mobile`, `password`, `role`, `created_at`, `updated_at` FROM `Admins` AS `Admin` WHERE `Admin`.`username` = '123124125' LIMIT 1;
[2023-12-20T11:19:13.267] [INFO] db - Executing (default): SELECT `id`, `username`, `email`, `mobile`, `password`, `role`, `created_at`, `updated_at` FROM `Admins` AS `Admin` WHERE `Admin`.`username` = '123124125' LIMIT 1;
[2023-12-20T11:19:19.716] [INFO] db - Executing (default): SELECT `id`, `username`, `email`, `mobile`, `password`, `role`, `created_at`, `updated_at` FROM `Admins` AS `Admin` WHERE `Admin`.`username` = '123124125' LIMIT 1;
[2023-12-20T11:19:22.021] [INFO] db - Executing (default): SELECT `id`, `username`, `email`, `mobile`, `password`, `role`, `created_at`, `updated_at` FROM `Admins` AS `Admin` WHERE `Admin`.`username` = '123124125' LIMIT 1;
[2023-12-20T11:19:23.099] [INFO] db - Executing (default): SELECT `id`, `username`, `email`, `mobile`, `password`, `role`, `created_at`, `updated_at` FROM `Admins` AS `Admin` WHERE `Admin`.`username` = '123124125' LIMIT 1;
[2023-12-20T11:23:14.739] [INFO] db - Executing (default): SELECT `id`, `username`, `email`, `mobile`, `password`, `role`, `created_at`, `updated_at` FROM `Admins` AS `Admin` WHERE `Admin`.`username` = '1245236467' LIMIT 1;
[2023-12-20T11:23:19.465] [INFO] db - Executing (default): SELECT `id`, `username`, `email`, `mobile`, `password`, `role`, `created_at`, `updated_at` FROM `Admins` AS `Admin` WHERE `Admin`.`username` = '1245236467' LIMIT 1;
[2023-12-20T11:23:22.186] [INFO] db - Executing (default): SELECT `id`, `username`, `email`, `mobile`, `password`, `role`, `created_at`, `updated_at` FROM `Admins` AS `Admin` WHERE `Admin`.`username` = '1245236467' LIMIT 1;
[2023-12-20T13:53:03.681] [INFO] db - Executing (default): SELECT `id`, `username`, `email`, `mobile`, `password`, `role`, `created_at`, `updated_at` FROM `Admins` AS `Admin` WHERE `Admin`.`username` = 'dejavu' LIMIT 1;
[2023-12-20T13:53:03.834] [INFO] db - Executing (default): SELECT count(*) AS `count` FROM `Admins` AS `Admin`;
[2023-12-20T13:53:03.838] [INFO] db - Executing (default): SELECT `id`, `username`, `email`, `mobile`, `password`, `role`, `created_at`, `updated_at` FROM `Admins` AS `Admin` LIMIT 0, 15;
[2023-12-20T13:55:53.605] [INFO] db - Executing (default): SELECT count(*) AS `count` FROM `Admins` AS `Admin`;
[2023-12-20T13:55:53.605] [INFO] db - Executing (default): SELECT `id`, `username`, `email`, `mobile`, `password`, `role`, `created_at`, `updated_at` FROM `Admins` AS `Admin` LIMIT 0, 15;
[2023-12-20T13:56:24.393] [INFO] db - Executing (default): SELECT `id`, `username`, `email`, `mobile`, `password`, `role`, `created_at`, `updated_at` FROM `Admins` AS `Admin` WHERE `Admin`.`username` = 'dejavu' LIMIT 1;
[2023-12-20T13:56:24.511] [INFO] db - Executing (default): SELECT count(*) AS `count` FROM `Admins` AS `Admin`;
[2023-12-20T13:56:24.512] [INFO] db - Executing (default): SELECT `id`, `username`, `email`, `mobile`, `password`, `role`, `created_at`, `updated_at` FROM `Admins` AS `Admin` LIMIT 0, 15;
[2023-12-20T14:03:34.312] [INFO] db - Executing (default): SELECT `id`, `username`, `email`, `mobile`, `password`, `role`, `created_at`, `updated_at` FROM `Admins` AS `Admin` WHERE `Admin`.`username` = 'dejavu' LIMIT 1;
[2023-12-20T14:03:34.426] [INFO] db - Executing (default): SELECT count(*) AS `count` FROM `Admins` AS `Admin`;
[2023-12-20T14:03:34.430] [INFO] db - Executing (default): SELECT `id`, `username`, `email`, `mobile`, `password`, `role`, `created_at`, `updated_at` FROM `Admins` AS `Admin` LIMIT 0, 15;
[2023-12-20T14:04:17.922] [INFO] db - Executing (default): SELECT count(*) AS `count` FROM `Admins` AS `Admin`;
[2023-12-20T14:04:17.922] [INFO] db - Executing (default): SELECT `id`, `username`, `email`, `mobile`, `password`, `role`, `created_at`, `updated_at` FROM `Admins` AS `Admin` LIMIT 0, 15;
[2023-12-20T14:05:10.999] [INFO] db - Executing (default): SELECT `id`, `username`, `email`, `mobile`, `password`, `role`, `created_at`, `updated_at` FROM `Admins` AS `Admin` WHERE `Admin`.`username` = 'dejavu' LIMIT 1;
[2023-12-20T14:05:11.120] [INFO] db - Executing (default): SELECT count(*) AS `count` FROM `Admins` AS `Admin`;
[2023-12-20T14:05:11.121] [INFO] db - Executing (default): SELECT `id`, `username`, `email`, `mobile`, `password`, `role`, `created_at`, `updated_at` FROM `Admins` AS `Admin` LIMIT 0, 15;
[2023-12-20T14:08:11.018] [INFO] db - Executing (default): SELECT count(*) AS `count` FROM `Admins` AS `Admin`;
[2023-12-20T14:08:11.019] [INFO] db - Executing (default): SELECT `id`, `username`, `email`, `mobile`, `password`, `role`, `created_at`, `updated_at` FROM `Admins` AS `Admin` LIMIT 0, 15;
[2023-12-20T14:10:14.812] [INFO] db - Executing (default): SELECT count(*) AS `count` FROM `Admins` AS `Admin`;
[2023-12-20T14:10:14.813] [INFO] db - Executing (default): SELECT `id`, `username`, `email`, `mobile`, `password`, `role`, `created_at`, `updated_at` FROM `Admins` AS `Admin` LIMIT 0, 15;
[2023-12-20T14:11:10.898] [INFO] db - Executing (default): SELECT `id`, `username`, `email`, `mobile`, `password`, `role`, `created_at`, `updated_at` FROM `Admins` AS `Admin` WHERE `Admin`.`username` = 'dejavu' LIMIT 1;
[2023-12-20T14:11:11.004] [INFO] db - Executing (default): SELECT count(*) AS `count` FROM `Admins` AS `Admin`;
[2023-12-20T14:11:11.005] [INFO] db - Executing (default): SELECT `id`, `username`, `email`, `mobile`, `password`, `role`, `created_at`, `updated_at` FROM `Admins` AS `Admin` LIMIT 0, 15;
[2023-12-20T14:12:01.999] [INFO] db - Executing (default): SELECT `id`, `username`, `email`, `mobile`, `password`, `role`, `created_at`, `updated_at` FROM `Admins` AS `Admin` WHERE `Admin`.`username` = 'dejavu' LIMIT 1;
[2023-12-20T14:12:02.108] [INFO] db - Executing (default): SELECT count(*) AS `count` FROM `Admins` AS `Admin`;
[2023-12-20T14:12:02.110] [INFO] db - Executing (default): SELECT `id`, `username`, `email`, `mobile`, `password`, `role`, `created_at`, `updated_at` FROM `Admins` AS `Admin` LIMIT 0, 15;
[2023-12-20T14:31:19.592] [INFO] db - Executing (default): SELECT `id`, `username`, `email`, `mobile`, `password`, `role`, `created_at`, `updated_at` FROM `Admins` AS `Admin` WHERE `Admin`.`username` = '123' LIMIT 1;
[2023-12-20T17:35:33.958] [INFO] db - Executing (default): SELECT 1+1 AS result
[2023-12-21T08:43:02.893] [INFO] db - Executing (default): SELECT 1+1 AS result
[2023-12-21T08:43:13.964] [INFO] db - Executing (default): SELECT `id`, `username`, `email`, `mobile`, `password`, `role`, `created_at`, `updated_at` FROM `Admins` AS `Admin` WHERE `Admin`.`username` = 'dejavu' LIMIT 1;
[2023-12-21T08:43:14.114] [INFO] db - Executing (default): SELECT count(*) AS `count` FROM `Admins` AS `Admin`;
[2023-12-21T08:43:14.118] [INFO] db - Executing (default): SELECT `id`, `username`, `email`, `mobile`, `password`, `role`, `created_at`, `updated_at` FROM `Admins` AS `Admin` LIMIT 0, 15;
[2023-12-21T08:44:40.630] [INFO] db - Executing (default): SELECT `id`, `username`, `email`, `mobile`, `password`, `role`, `created_at`, `updated_at` FROM `Admins` AS `Admin` WHERE `Admin`.`username` = 'dejavu' LIMIT 1;
[2023-12-21T08:44:40.730] [INFO] db - Executing (default): SELECT count(*) AS `count` FROM `Admins` AS `Admin`;
[2023-12-21T08:44:40.732] [INFO] db - Executing (default): SELECT `id`, `username`, `email`, `mobile`, `password`, `role`, `created_at`, `updated_at` FROM `Admins` AS `Admin` LIMIT 0, 15;
[2023-12-21T11:31:04.410] [INFO] db - Executing (default): SELECT 1+1 AS result
